Change Designator: Invalid Designator
Added Component: Designator=(5V2A charger)
Added Component: Designator=(5V2A charger)
Added Component: Designator=(5V2A charger)
Added Component: Designator=(5V2A charger)
Added Pin To Net: NetName=3.7V Pin=-1
Added Pin To Net: NetName=7.4V Pin=-1
Added Pin To Net: NetName=11.1V Pin=-1
Added Pin To Net: NetName=LI+ Pin=-1
Added Pin To Net: NetName=3.7V Pin=-2
Added Pin To Net: NetName=7.4V Pin=-2
Added Pin To Net: NetName=11.1V Pin=-2
Added Pin To Net: NetName=LI- Pin=-2
Added Pin To Net: NetName=CH- Pin=-4
Added Pin To Net: NetName=CH- Pin=-4
Added Pin To Net: NetName=CH- Pin=-4
Added Pin To Net: NetName=CH- Pin=-4
Added Pin To Net: NetName=CH- Pin=-4
Added Pin To Net: NetName=CH- Pin=-4
Added Pin To Net: NetName=CH- Pin=-4
Added Pin To Net: NetName=CH- Pin=-4
Added Pin To Net: NetName=CH+ Pin=-5
Added Pin To Net: NetName=CH+ Pin=-5
Added Pin To Net: NetName=CH+ Pin=-5
Added Pin To Net: NetName=CH+ Pin=-5
Added Pin To Net: NetName=CH+ Pin=-5
Added Pin To Net: NetName=CH+ Pin=-5
Added Pin To Net: NetName=CH+ Pin=-5
Added Pin To Net: NetName=CH+ Pin=-5
Added Member To Class: ClassName=pakiet_schemat Member=Component * ON OFF
Added Member To Class: ClassName=pakiet_schemat Member=Component  koszyczek SMD
Added Member To Class: ClassName=pakiet_schemat Member=Component  BMS 4S
Added Member To Class: ClassName=pakiet_schemat Member=Component  5V2A
Added Member To Class: ClassName=pakiet_schemat Member=Component  5V2A
Added Member To Class: ClassName=pakiet_schemat Member=Component  switch_ekran
Added Member To Class: ClassName=pakiet_schemat Member=Component  DC IN
Added Member To Class: ClassName=pakiet_schemat Member=Component  xt-60
Added Member To Class: ClassName=pakiet_schemat Member=Component  ekran
Added Member To Class: ClassName=pakiet_schemat Member=Component  5V2A
Added Member To Class: ClassName=pakiet_schemat Member=Component  5V2A
