Removed Pin From Net: NetName=BAT- Pin=*-1
Removed Pin From Net: NetName=LCD+ Pin=*-2
Removed Pin From Net: NetName=BAT+ Pin=*-3
Remove Pin from Net: Failed to remove Pin
Removed Pin From Net: NetName=7.4V Pin=-1
Remove Pin from Net: Failed to remove Pin
Remove Pin from Net: Failed to remove Pin
Remove Pin from Net: Failed to remove Pin
Remove Pin from Net: Failed to remove Pin
Remove Pin from Net: Failed to remove Pin
Removed Pin From Net: NetName=3.7V Pin=-2
Remove Pin from Net: Failed to remove Pin
Remove Pin from Net: Failed to remove Pin
Remove Pin from Net: Failed to remove Pin
Remove Pin from Net: Failed to remove Pin
Remove Pin from Net: Failed to remove Pin
Remove Pin from Net: Failed to remove Pin
Remove Pin from Net: Failed to remove Pin
Remove Pin from Net: Failed to remove Pin
Remove Pin from Net: Failed to remove Pin
Removed Pin From Net: NetName=CH- Pin=-4
Removed Pin From Net: NetName=CH- Pin=-4
Remove Pin from Net: Failed to remove Pin
Remove Pin from Net: Failed to remove Pin
Remove Pin from Net: Failed to remove Pin
Remove Pin from Net: Failed to remove Pin
Remove Pin from Net: Failed to remove Pin
Remove Pin from Net: Failed to remove Pin
Removed Pin From Net: NetName=CH+ Pin=-5
Removed Pin From Net: NetName=CH+ Pin=-5
Remove Pin from Net: Failed to remove Pin
Remove Pin from Net: Failed to remove Pin
Remove Pin from Net: Failed to remove Pin
Remove Pin from Net: Failed to remove Pin
Remove Pin from Net: Unknown Pin: Pin -6
Remove Pin from Net: Unknown Pin: Pin -7
Remove Pin from Net: Unknown Pin: Pin -8
Removed Pin From Net: NetName=LI- Pin=3-1
Removed Pin From Net: NetName=3.7V Pin=3-2
Removed Pin From Net: NetName=7.4V Pin=3-3
Removed Pin From Net: NetName=11.1V Pin=3-4
Removed Pin From Net: NetName=LI+ Pin=3-5
Removed Pin From Net: NetName=BAT+ Pin=3-6
Removed Pin From Net: NetName=BAT- Pin=3-7
Removed Member From Class: ClassName=pakiet_schemat Member=*
Added Component: Designator=*?(ON OFF)
Added Component: Designator=?(5V2A charger)
Added Component: Designator=?(5V2A charger)
Added Component: Designator=?(BMS 4S)
Added Component: Designator=?(koszyk SMD)
Added Component: Designator=?(5V2A charger)
Added Component: Designator=?(switch_ekran)
Added Component: Designator=?(xt60)
Added Component: Designator=?(DC_IN)
Added Component: Designator=?(ekran)
Added Component: Designator=Charger 1(5V2A charger)
Added Pin To Net: NetName=BAT- Pin=*?-1
Added Pin To Net: NetName=LCD+ Pin=*?-2
Added Pin To Net: NetName=BAT+ Pin=*?-3
Added Pin To Net: NetName=7.4V Pin=?-1
Added Pin To Net: NetName=11.1V Pin=?-1
Added Pin To Net: NetName=CH- Pin=?-1
Added Pin To Net: NetName=LI+ Pin=?-1
Added Pin To Net: NetName=LI- Pin=?-1
Added Pin To Net: NetName=LI- Pin=?-1
Added Pin To Net: NetName=OUT+ Pin=?-1
Added Pin To Net: NetName=3.7V Pin=?-2
Added Pin To Net: NetName=3.7V Pin=?-2
Added Pin To Net: NetName=7.4V Pin=?-2
Added Pin To Net: NetName=7.4V Pin=?-2
Added Pin To Net: NetName=11.1V Pin=?-2
Added Pin To Net: NetName=BAT- Pin=?-2
Added Pin To Net: NetName=CH+ Pin=?-2
Added Pin To Net: NetName=OUT- Pin=?-2
Added Pin To Net: NetName=7.4V Pin=?-3
Added Pin To Net: NetName=7.4V Pin=?-3
Added Pin To Net: NetName=LCD+ Pin=?-3
Added Pin To Net: NetName=11.1V Pin=?-4
Added Pin To Net: NetName=CH- Pin=?-4
Added Pin To Net: NetName=CH- Pin=?-4
Added Pin To Net: NetName=CH- Pin=?-4
Added Pin To Net: NetName=CH- Pin=?-4
Added Pin To Net: NetName=CH- Pin=?-4
Added Pin To Net: NetName=CH- Pin=?-4
Added Pin To Net: NetName=LI+ Pin=?-4
Added Pin To Net: NetName=OUT+ Pin=?-4
Added Pin To Net: NetName=3.7V Pin=?-5
Added Pin To Net: NetName=CH+ Pin=?-5
Added Pin To Net: NetName=CH+ Pin=?-5
Added Pin To Net: NetName=CH+ Pin=?-5
Added Pin To Net: NetName=CH+ Pin=?-5
Added Pin To Net: NetName=CH+ Pin=?-5
Added Pin To Net: NetName=CH+ Pin=?-5
Added Pin To Net: NetName=LI+ Pin=?-5
Added Pin To Net: NetName=OUT- Pin=?-5
Added Pin To Net: NetName=3.7V Pin=?-6
Added Pin To Net: NetName=BAT+ Pin=?-6
Added Pin To Net: NetName=11.1V Pin=?-7
Added Pin To Net: NetName=BAT- Pin=?-7
Added Pin To Net: NetName=11.1V Pin=?-8
Added Pin To Net: NetName=3.7V Pin=Charger 1-1
Added Pin To Net: NetName=LI- Pin=Charger 1-2
Added Pin To Net: NetName=CH- Pin=Charger 1-4
Added Pin To Net: NetName=CH- Pin=Charger 1-4
Added Pin To Net: NetName=CH+ Pin=Charger 1-5
Added Pin To Net: NetName=CH+ Pin=Charger 1-5
Added Pin To Net: NetName=Net?_1 Pin=?-1
Added Pin To Net: NetName=Net?_1 Pin=?-1
Added Net: Name=Net?_1
Added Pin To Net: NetName=Net?_2 Pin=?-2
Added Pin To Net: NetName=Net?_2 Pin=?-6
Added Net: Name=Net?_2
Added Member To Class: ClassName=pakiet_schemat Member=Component *? ON OFF
Added Member To Class: ClassName=pakiet_schemat Member=Component ? 5V2A
Added Member To Class: ClassName=pakiet_schemat Member=Component ? 5V2A
Added Member To Class: ClassName=pakiet_schemat Member=Component ? BMS 4S
Added Member To Class: ClassName=pakiet_schemat Member=Component ? koszyczek SMD
Added Member To Class: ClassName=pakiet_schemat Member=Component ? 5V2A
Added Member To Class: ClassName=pakiet_schemat Member=Component ? switch_ekran
Added Member To Class: ClassName=pakiet_schemat Member=Component ? xt-60
Added Member To Class: ClassName=pakiet_schemat Member=Component ? DC IN
Added Member To Class: ClassName=pakiet_schemat Member=Component ? ekran
Added Member To Class: ClassName=pakiet_schemat Member=Component Charger 1 5V2A
